<?xml version="1.0" encoding="UTF-8"?>
<!-- Generated by org.testng.reporters.JUnitXMLReporter -->
<testsuite hostname="INHYD-KONGARAB" ignored="0" name="IGT Control regression Test" tests="6" failures="3" timestamp="22 May 2020 07:05:19 GMT" time="692.152" errors="0">
  <testcase name="verifyLinksTest" time="7.063" classname="com.qa.control.tests.HomePageTest"/>
  <testcase name="searchPlayerTest" time="204.861" classname="com.qa.control.tests.PlayersTest">
    <failure type="java.lang.NullPointerException">
      <![CDATA[java.lang.NullPointerException
at com.qa.control.util.JavaScriptUtil.flash(JavaScriptUtil.java:17)
at com.qa.control.util.ElementActions.clickOnElement(ElementActions.java:64)
at com.qa.control.pages.PlayersPage.playerSearch(PlayersPage.java:80)
at com.qa.control.tests.PlayersTest.searchPlayerTest(PlayersTest.java:75)
... Removed 28 stack frames]]>
    </failure>
  </testcase> <!-- searchPlayerTest -->
  <testcase name="searchPlayerTest" time="123.802" classname="com.qa.control.tests.PlayersTest">
    <failure type="java.lang.AssertionError" message="The following asserts failed:
	State is not matched expected [CA] but found [PA]">
      <![CDATA[java.lang.AssertionError: The following asserts failed:
State is not matched expected [CA] but found [PA]
at com.qa.control.tests.PlayersTest.searchPlayerTest(PlayersTest.java:118)
... Removed 29 stack frames]]>
    </failure>
  </testcase> <!-- searchPlayerTest -->
  <testcase name="searchPlayerTest" time="10.995" classname="com.qa.control.tests.PlayersTest">
    <failure type="java.lang.AssertionError" message="No records found expected [1000600012] but found [Player not found]">
      <![CDATA[java.lang.AssertionError: No records found expected [1000600012] but found [Player not found]
at com.qa.control.tests.PlayersTest.searchPlayerTest(PlayersTest.java:76)
... Removed 33 stack frames]]>
    </failure>
  </testcase> <!-- searchPlayerTest -->
  <testcase name="verifyLoginPageTitleTest" time="0.009" classname="com.qa.control.tests.LoginTest"/>
  <testcase name="loginTest" time="61.516" classname="com.qa.control.tests.LoginTest"/>
</testsuite> <!-- IGT Control regression Test -->
