<?xml version="1.0" encoding="UTF-8"?>
<testng-results skipped="0" failed="3" ignored="0" total="6" passed="3">
  <reporter-output>
  </reporter-output>
  <suite name="IGT Control Test Suite" duration-ms="692152" started-at="2020-05-22T06:53:47Z" finished-at="2020-05-22T07:05:19Z">
    <groups>
    </groups>
    <test name="IGT Control regression Test" duration-ms="692152" started-at="2020-05-22T06:53:47Z" finished-at="2020-05-22T07:05:19Z">
      <class name="com.qa.control.tests.LoginTest">
        <test-method status="PASS" signature="verifyLoginPageTitleTest()[pri:1, instance:com.qa.control.tests.LoginTest@3d9fc57a]" name="verifyLoginPageTitleTest" duration-ms="9" started-at="2020-05-22T07:04:15Z" finished-at="2020-05-22T07:04:15Z">
          <reporter-output>
          </reporter-output>
        </test-method> <!-- verifyLoginPageTitleTest -->
        <test-method status="PASS" signature="loginTest()[pri:2, instance:com.qa.control.tests.LoginTest@3d9fc57a]" name="loginTest" duration-ms="61516" started-at="2020-05-22T07:04:15Z" finished-at="2020-05-22T07:05:16Z">
          <reporter-output>
          </reporter-output>
        </test-method> <!-- loginTest -->
      </class> <!-- com.qa.control.tests.LoginTest -->
      <class name="com.qa.control.tests.HomePageTest">
        <test-method status="PASS" signature="setup()[pri:0, instance:com.qa.control.tests.HomePageTest@d4ab71a]" name="setup" is-config="true" duration-ms="153629" started-at="2020-05-22T06:53:47Z" finished-at="2020-05-22T06:56:20Z">
          <reporter-output>
          </reporter-output>
        </test-method> <!-- setup -->
        <test-method status="PASS" signature="setup()[pri:0, instance:com.qa.control.tests.LoginTest@3d9fc57a]" name="setup" is-config="true" duration-ms="16674" started-at="2020-05-22T06:56:20Z" finished-at="2020-05-22T06:56:37Z">
          <reporter-output>
          </reporter-output>
        </test-method> <!-- setup -->
        <test-method status="PASS" signature="setup()[pri:0, instance:com.qa.control.tests.PlayersTest@3b4ef7]" name="setup" is-config="true" duration-ms="107224" started-at="2020-05-22T06:56:37Z" finished-at="2020-05-22T06:58:24Z">
          <reporter-output>
          </reporter-output>
        </test-method> <!-- setup -->
        <test-method status="PASS" signature="verifyLinksTest()[pri:0, instance:com.qa.control.tests.HomePageTest@d4ab71a]" name="verifyLinksTest" duration-ms="7063" started-at="2020-05-22T06:58:24Z" finished-at="2020-05-22T06:58:31Z">
          <reporter-output>
          </reporter-output>
        </test-method> <!-- verifyLinksTest -->
        <test-method status="PASS" signature="tearDown()[pri:0, instance:com.qa.control.tests.HomePageTest@d4ab71a]" name="tearDown" is-config="true" duration-ms="799" started-at="2020-05-22T07:05:16Z" finished-at="2020-05-22T07:05:17Z">
          <reporter-output>
          </reporter-output>
        </test-method> <!-- tearDown -->
        <test-method status="PASS" signature="tearDown()[pri:0, instance:com.qa.control.tests.LoginTest@3d9fc57a]" name="tearDown" is-config="true" duration-ms="795" started-at="2020-05-22T07:05:17Z" finished-at="2020-05-22T07:05:18Z">
          <reporter-output>
          </reporter-output>
        </test-method> <!-- tearDown -->
        <test-method status="PASS" signature="teardown()[pri:0, instance:com.qa.control.tests.PlayersTest@3b4ef7]" name="teardown" is-config="true" duration-ms="925" started-at="2020-05-22T07:05:18Z" finished-at="2020-05-22T07:05:19Z">
          <reporter-output>
          </reporter-output>
        </test-method> <!-- teardown -->
      </class> <!-- com.qa.control.tests.HomePageTest -->
      <class name="com.qa.control.tests.PlayersTest">
        <test-method status="FAIL" signature="searchPlayerTest(java.lang.String, java.lang.String, java.lang.String, java.lang.String, java.lang.String, java.lang.String, java.lang.String, java.lang.String, java.lang.String, java.lang.String, java.lang.String, java.lang.String, java.lang.String, java.lang.String, java.lang.String)[pri:0, instance:com.qa.control.tests.PlayersTest@3b4ef7]" name="searchPlayerTest" duration-ms="204861" started-at="2020-05-22T06:58:32Z" data-provider="PlayersDM" finished-at="2020-05-22T07:01:57Z">
          <params>
            <param index="0">
              <value>
                <![CDATA[1000500024]]>
              </value>
            </param>
            <param index="1">
              <value>
                <![CDATA[JONES]]>
              </value>
            </param>
            <param index="2">
              <value>
                <![CDATA[LUCY]]>
              </value>
            </param>
            <param index="3">
              <value>
                <![CDATA[anjaneyulu.bandreddy@igt.com]]>
              </value>
            </param>
            <param index="4">
              <value>
                <![CDATA[F]]>
              </value>
            </param>
            <param index="5">
              <value>
                <![CDATA[anjisit2]]>
              </value>
            </param>
            <param index="6">
              <value>
                <![CDATA[US]]>
              </value>
            </param>
            <param index="7">
              <value>
                <![CDATA[OK]]>
              </value>
            </param>
            <param index="8">
              <value>
                <![CDATA[0]]>
              </value>
            </param>
            <param index="9">
              <value>
                <![CDATA[0]]>
              </value>
            </param>
            <param index="10">
              <value>
                <![CDATA[2]]>
              </value>
            </param>
            <param index="11">
              <value>
                <![CDATA[0]]>
              </value>
            </param>
            <param index="12">
              <value>
                <![CDATA[0]]>
              </value>
            </param>
            <param index="13">
              <value>
                <![CDATA[0]]>
              </value>
            </param>
            <param index="14">
              <value>
                <![CDATA[0]]>
              </value>
            </param>
          </params>
          <exception class="java.lang.NullPointerException">
            <full-stacktrace>
              <![CDATA[java.lang.NullPointerException
at com.qa.control.util.JavaScriptUtil.flash(JavaScriptUtil.java:17)
at com.qa.control.util.ElementActions.clickOnElement(ElementActions.java:64)
at com.qa.control.pages.PlayersPage.playerSearch(PlayersPage.java:80)
at com.qa.control.tests.PlayersTest.searchPlayerTest(PlayersTest.java:75)
at sun.reflect.NativeMethodAccessorImpl.invoke0(Native Method)
at sun.reflect.NativeMethodAccessorImpl.invoke(NativeMethodAccessorImpl.java:62)
at sun.reflect.DelegatingMethodAccessorImpl.invoke(DelegatingMethodAccessorImpl.java:43)
at java.lang.reflect.Method.invoke(Method.java:498)
at org.testng.internal.MethodInvocationHelper.invokeMethod(MethodInvocationHelper.java:124)
at org.testng.internal.Invoker.invokeMethod(Invoker.java:583)
at org.testng.internal.Invoker.invokeTestMethod(Invoker.java:719)
at org.testng.internal.Invoker.invokeTestMethods(Invoker.java:989)
at org.testng.internal.TestMethodWorker.invokeTestMethods(TestMethodWorker.java:125)
at org.testng.internal.TestMethodWorker.run(TestMethodWorker.java:109)
at org.testng.TestRunner.privateRun(TestRunner.java:648)
at org.testng.TestRunner.run(TestRunner.java:505)
at org.testng.SuiteRunner.runTest(SuiteRunner.java:455)
at org.testng.SuiteRunner.runSequentially(SuiteRunner.java:450)
at org.testng.SuiteRunner.privateRun(SuiteRunner.java:415)
at org.testng.SuiteRunner.run(SuiteRunner.java:364)
at org.testng.SuiteRunnerWorker.runSuite(SuiteRunnerWorker.java:52)
at org.testng.SuiteRunnerWorker.run(SuiteRunnerWorker.java:84)
at org.testng.TestNG.runSuitesSequentially(TestNG.java:1208)
at org.testng.TestNG.runSuitesLocally(TestNG.java:1137)
at org.testng.TestNG.runSuites(TestNG.java:1049)
at org.testng.TestNG.run(TestNG.java:1017)
at org.apache.maven.surefire.testng.TestNGExecutor.run(TestNGExecutor.java:283)
at org.apache.maven.surefire.testng.TestNGXmlTestSuite.execute(TestNGXmlTestSuite.java:75)
at org.apache.maven.surefire.testng.TestNGProvider.invoke(TestNGProvider.java:120)
at org.apache.maven.surefire.booter.ForkedBooter.invokeProviderInSameClassLoader(ForkedBooter.java:386)
at org.apache.maven.surefire.booter.ForkedBooter.runSuitesInProcess(ForkedBooter.java:323)
at org.apache.maven.surefire.booter.ForkedBooter.main(ForkedBooter.java:143)
]]>
            </full-stacktrace>
          </exception> <!-- java.lang.NullPointerException -->
          <reporter-output>
          </reporter-output>
        </test-method> <!-- searchPlayerTest -->
        <test-method status="FAIL" signature="searchPlayerTest(java.lang.String, java.lang.String, java.lang.String, java.lang.String, java.lang.String, java.lang.String, java.lang.String, java.lang.String, java.lang.String, java.lang.String, java.lang.String, java.lang.String, java.lang.String, java.lang.String, java.lang.String)[pri:0, instance:com.qa.control.tests.PlayersTest@3b4ef7]" name="searchPlayerTest" duration-ms="123802" started-at="2020-05-22T07:01:58Z" data-provider="PlayersDM" finished-at="2020-05-22T07:04:02Z">
          <params>
            <param index="0">
              <value>
                <![CDATA[1000000008]]>
              </value>
            </param>
            <param index="1">
              <value>
                <![CDATA[TWO]]>
              </value>
            </param>
            <param index="2">
              <value>
                <![CDATA[SIT]]>
              </value>
            </param>
            <param index="3">
              <value>
                <![CDATA[sit2002@mailinator.com]]>
              </value>
            </param>
            <param index="4">
              <value>
                <![CDATA[M]]>
              </value>
            </param>
            <param index="5">
              <value>
                <![CDATA[sit2002]]>
              </value>
            </param>
            <param index="6">
              <value>
                <![CDATA[US]]>
              </value>
            </param>
            <param index="7">
              <value>
                <![CDATA[CA]]>
              </value>
            </param>
            <param index="8">
              <value>
                <![CDATA[0]]>
              </value>
            </param>
            <param index="9">
              <value>
                <![CDATA[0]]>
              </value>
            </param>
            <param index="10">
              <value>
                <![CDATA[2]]>
              </value>
            </param>
            <param index="11">
              <value>
                <![CDATA[0]]>
              </value>
            </param>
            <param index="12">
              <value>
                <![CDATA[0]]>
              </value>
            </param>
            <param index="13">
              <value>
                <![CDATA[0]]>
              </value>
            </param>
            <param index="14">
              <value>
                <![CDATA[0]]>
              </value>
            </param>
          </params>
          <exception class="java.lang.AssertionError">
            <message>
              <![CDATA[The following asserts failed:
State is not matched expected [CA] but found [PA]]]>
            </message>
            <full-stacktrace>
              <![CDATA[java.lang.AssertionError: The following asserts failed:
State is not matched expected [CA] but found [PA]
at org.testng.asserts.SoftAssert.assertAll(SoftAssert.java:43)
at com.qa.control.tests.PlayersTest.searchPlayerTest(PlayersTest.java:118)
at sun.reflect.NativeMethodAccessorImpl.invoke0(Native Method)
at sun.reflect.NativeMethodAccessorImpl.invoke(NativeMethodAccessorImpl.java:62)
at sun.reflect.DelegatingMethodAccessorImpl.invoke(DelegatingMethodAccessorImpl.java:43)
at java.lang.reflect.Method.invoke(Method.java:498)
at org.testng.internal.MethodInvocationHelper.invokeMethod(MethodInvocationHelper.java:124)
at org.testng.internal.Invoker.invokeMethod(Invoker.java:583)
at org.testng.internal.Invoker.invokeTestMethod(Invoker.java:719)
at org.testng.internal.Invoker.invokeTestMethods(Invoker.java:989)
at org.testng.internal.TestMethodWorker.invokeTestMethods(TestMethodWorker.java:125)
at org.testng.internal.TestMethodWorker.run(TestMethodWorker.java:109)
at org.testng.TestRunner.privateRun(TestRunner.java:648)
at org.testng.TestRunner.run(TestRunner.java:505)
at org.testng.SuiteRunner.runTest(SuiteRunner.java:455)
at org.testng.SuiteRunner.runSequentially(SuiteRunner.java:450)
at org.testng.SuiteRunner.privateRun(SuiteRunner.java:415)
at org.testng.SuiteRunner.run(SuiteRunner.java:364)
at org.testng.SuiteRunnerWorker.runSuite(SuiteRunnerWorker.java:52)
at org.testng.SuiteRunnerWorker.run(SuiteRunnerWorker.java:84)
at org.testng.TestNG.runSuitesSequentially(TestNG.java:1208)
at org.testng.TestNG.runSuitesLocally(TestNG.java:1137)
at org.testng.TestNG.runSuites(TestNG.java:1049)
at org.testng.TestNG.run(TestNG.java:1017)
at org.apache.maven.surefire.testng.TestNGExecutor.run(TestNGExecutor.java:283)
at org.apache.maven.surefire.testng.TestNGXmlTestSuite.execute(TestNGXmlTestSuite.java:75)
at org.apache.maven.surefire.testng.TestNGProvider.invoke(TestNGProvider.java:120)
at org.apache.maven.surefire.booter.ForkedBooter.invokeProviderInSameClassLoader(ForkedBooter.java:386)
at org.apache.maven.surefire.booter.ForkedBooter.runSuitesInProcess(ForkedBooter.java:323)
at org.apache.maven.surefire.booter.ForkedBooter.main(ForkedBooter.java:143)
]]>
            </full-stacktrace>
          </exception> <!-- java.lang.AssertionError -->
          <reporter-output>
          </reporter-output>
        </test-method> <!-- searchPlayerTest -->
        <test-method status="FAIL" signature="searchPlayerTest(java.lang.String, java.lang.String, java.lang.String, java.lang.String, java.lang.String, java.lang.String, java.lang.String, java.lang.String, java.lang.String, java.lang.String, java.lang.String, java.lang.String, java.lang.String, java.lang.String, java.lang.String)[pri:0, instance:com.qa.control.tests.PlayersTest@3b4ef7]" name="searchPlayerTest" duration-ms="10995" started-at="2020-05-22T07:04:03Z" data-provider="PlayersDM" finished-at="2020-05-22T07:04:14Z">
          <params>
            <param index="0">
              <value>
                <![CDATA[1000600012]]>
              </value>
            </param>
            <param index="1">
              <value>
                <![CDATA[FOUREE]]>
              </value>
            </param>
            <param index="2">
              <value>
                <![CDATA[SIT]]>
              </value>
            </param>
            <param index="3">
              <value>
                <![CDATA[sit2004@mailinator.com]]>
              </value>
            </param>
            <param index="4">
              <value>
                <![CDATA[M]]>
              </value>
            </param>
            <param index="5">
              <value>
                <![CDATA[sit2004]]>
              </value>
            </param>
            <param index="6">
              <value>
                <![CDATA[US]]>
              </value>
            </param>
            <param index="7">
              <value>
                <![CDATA[OK]]>
              </value>
            </param>
            <param index="8">
              <value>
                <![CDATA[0]]>
              </value>
            </param>
            <param index="9">
              <value>
                <![CDATA[1]]>
              </value>
            </param>
            <param index="10">
              <value>
                <![CDATA[0]]>
              </value>
            </param>
            <param index="11">
              <value>
                <![CDATA[0]]>
              </value>
            </param>
            <param index="12">
              <value>
                <![CDATA[0]]>
              </value>
            </param>
            <param index="13">
              <value>
                <![CDATA[0]]>
              </value>
            </param>
            <param index="14">
              <value>
                <![CDATA[1]]>
              </value>
            </param>
          </params>
          <exception class="java.lang.AssertionError">
            <message>
              <![CDATA[No records found expected [1000600012] but found [Player not found]]]>
            </message>
            <full-stacktrace>
              <![CDATA[java.lang.AssertionError: No records found expected [1000600012] but found [Player not found]
at org.testng.Assert.fail(Assert.java:96)
at org.testng.Assert.failNotEquals(Assert.java:776)
at org.testng.Assert.assertEqualsImpl(Assert.java:137)
at org.testng.Assert.assertEquals(Assert.java:118)
at org.testng.Assert.assertEquals(Assert.java:453)
at com.qa.control.tests.PlayersTest.searchPlayerTest(PlayersTest.java:76)
at sun.reflect.NativeMethodAccessorImpl.invoke0(Native Method)
at sun.reflect.NativeMethodAccessorImpl.invoke(NativeMethodAccessorImpl.java:62)
at sun.reflect.DelegatingMethodAccessorImpl.invoke(DelegatingMethodAccessorImpl.java:43)
at java.lang.reflect.Method.invoke(Method.java:498)
at org.testng.internal.MethodInvocationHelper.invokeMethod(MethodInvocationHelper.java:124)
at org.testng.internal.Invoker.invokeMethod(Invoker.java:583)
at org.testng.internal.Invoker.invokeTestMethod(Invoker.java:719)
at org.testng.internal.Invoker.invokeTestMethods(Invoker.java:989)
at org.testng.internal.TestMethodWorker.invokeTestMethods(TestMethodWorker.java:125)
at org.testng.internal.TestMethodWorker.run(TestMethodWorker.java:109)
at org.testng.TestRunner.privateRun(TestRunner.java:648)
at org.testng.TestRunner.run(TestRunner.java:505)
at org.testng.SuiteRunner.runTest(SuiteRunner.java:455)
at org.testng.SuiteRunner.runSequentially(SuiteRunner.java:450)
at org.testng.SuiteRunner.privateRun(SuiteRunner.java:415)
at org.testng.SuiteRunner.run(SuiteRunner.java:364)
at org.testng.SuiteRunnerWorker.runSuite(SuiteRunnerWorker.java:52)
at org.testng.SuiteRunnerWorker.run(SuiteRunnerWorker.java:84)
at org.testng.TestNG.runSuitesSequentially(TestNG.java:1208)
at org.testng.TestNG.runSuitesLocally(TestNG.java:1137)
at org.testng.TestNG.runSuites(TestNG.java:1049)
at org.testng.TestNG.run(TestNG.java:1017)
at org.apache.maven.surefire.testng.TestNGExecutor.run(TestNGExecutor.java:283)
at org.apache.maven.surefire.testng.TestNGXmlTestSuite.execute(TestNGXmlTestSuite.java:75)
at org.apache.maven.surefire.testng.TestNGProvider.invoke(TestNGProvider.java:120)
at org.apache.maven.surefire.booter.ForkedBooter.invokeProviderInSameClassLoader(ForkedBooter.java:386)
at org.apache.maven.surefire.booter.ForkedBooter.runSuitesInProcess(ForkedBooter.java:323)
at org.apache.maven.surefire.booter.ForkedBooter.main(ForkedBooter.java:143)
]]>
            </full-stacktrace>
          </exception> <!-- java.lang.AssertionError -->
          <reporter-output>
          </reporter-output>
        </test-method> <!-- searchPlayerTest -->
      </class> <!-- com.qa.control.tests.PlayersTest -->
    </test> <!-- IGT Control regression Test -->
  </suite> <!-- IGT Control Test Suite -->
</testng-results>
