<?xml version="1.0" encoding="UTF-8"?>
<testng-results skipped="0" failed="3" ignored="0" total="6" passed="3">
  <reporter-output>
  </reporter-output>
  <suite name="IGT Control Test Suite" duration-ms="410030" started-at="2020-05-22T06:40:58Z" finished-at="2020-05-22T06:47:48Z">
    <groups>
    </groups>
    <test name="IGT Control regression Test" duration-ms="410030" started-at="2020-05-22T06:40:58Z" finished-at="2020-05-22T06:47:48Z">
      <class name="com.qa.control.tests.LoginTest">
        <test-method status="PASS" signature="verifyLoginPageTitleTest()[pri:1, instance:com.qa.control.tests.LoginTest@3088660d]" name="verifyLoginPageTitleTest" duration-ms="8" started-at="2020-05-22T06:46:33Z" finished-at="2020-05-22T06:46:33Z">
          <reporter-output>
          </reporter-output>
        </test-method> <!-- verifyLoginPageTitleTest -->
        <test-method status="PASS" signature="loginTest()[pri:2, instance:com.qa.control.tests.LoginTest@3088660d]" name="loginTest" duration-ms="72012" started-at="2020-05-22T06:46:33Z" finished-at="2020-05-22T06:47:45Z">
          <reporter-output>
          </reporter-output>
        </test-method> <!-- loginTest -->
      </class> <!-- com.qa.control.tests.LoginTest -->
      <class name="com.qa.control.tests.HomePageTest">
        <test-method status="PASS" signature="setup()[pri:0, instance:com.qa.control.tests.HomePageTest@42cc13a0]" name="setup" is-config="true" duration-ms="73143" started-at="2020-05-22T06:40:58Z" finished-at="2020-05-22T06:42:11Z">
          <reporter-output>
          </reporter-output>
        </test-method> <!-- setup -->
        <test-method status="PASS" signature="setup()[pri:0, instance:com.qa.control.tests.LoginTest@3088660d]" name="setup" is-config="true" duration-ms="9165" started-at="2020-05-22T06:42:11Z" finished-at="2020-05-22T06:42:20Z">
          <reporter-output>
          </reporter-output>
        </test-method> <!-- setup -->
        <test-method status="PASS" signature="setup()[pri:0, instance:com.qa.control.tests.PlayersTest@32fdec40]" name="setup" is-config="true" duration-ms="97074" started-at="2020-05-22T06:42:20Z" finished-at="2020-05-22T06:43:57Z">
          <reporter-output>
          </reporter-output>
        </test-method> <!-- setup -->
        <test-method status="PASS" signature="verifyLinksTest()[pri:0, instance:com.qa.control.tests.HomePageTest@42cc13a0]" name="verifyLinksTest" duration-ms="6938" started-at="2020-05-22T06:43:57Z" finished-at="2020-05-22T06:44:04Z">
          <reporter-output>
          </reporter-output>
        </test-method> <!-- verifyLinksTest -->
        <test-method status="PASS" signature="tearDown()[pri:0, instance:com.qa.control.tests.HomePageTest@42cc13a0]" name="tearDown" is-config="true" duration-ms="795" started-at="2020-05-22T06:47:45Z" finished-at="2020-05-22T06:47:46Z">
          <reporter-output>
          </reporter-output>
        </test-method> <!-- tearDown -->
        <test-method status="PASS" signature="tearDown()[pri:0, instance:com.qa.control.tests.LoginTest@3088660d]" name="tearDown" is-config="true" duration-ms="806" started-at="2020-05-22T06:47:46Z" finished-at="2020-05-22T06:47:47Z">
          <reporter-output>
          </reporter-output>
        </test-method> <!-- tearDown -->
        <test-method status="PASS" signature="teardown()[pri:0, instance:com.qa.control.tests.PlayersTest@32fdec40]" name="teardown" is-config="true" duration-ms="843" started-at="2020-05-22T06:47:47Z" finished-at="2020-05-22T06:47:48Z">
          <reporter-output>
          </reporter-output>
        </test-method> <!-- teardown -->
      </class> <!-- com.qa.control.tests.HomePageTest -->
      <class name="com.qa.control.tests.PlayersTest">
        <test-method status="FAIL" signature="searchPlayerTest(java.lang.String, java.lang.String, java.lang.String, java.lang.String, java.lang.String, java.lang.String, java.lang.String, java.lang.String, java.lang.String, java.lang.String, java.lang.String, java.lang.String, java.lang.String, java.lang.String, java.lang.String)[pri:0, instance:com.qa.control.tests.PlayersTest@32fdec40]" name="searchPlayerTest" duration-ms="10815" started-at="2020-05-22T06:44:05Z" data-provider="PlayersDM" finished-at="2020-05-22T06:44:16Z">
          <params>
            <param index="0">
              <value>
                <![CDATA[1000500024]]>
              </value>
            </param>
            <param index="1">
              <value>
                <![CDATA[JONES]]>
              </value>
            </param>
            <param index="2">
              <value>
                <![CDATA[LUCY]]>
              </value>
            </param>
            <param index="3">
              <value>
                <![CDATA[anjaneyulu.bandreddy@igt.com]]>
              </value>
            </param>
            <param index="4">
              <value>
                <![CDATA[F]]>
              </value>
            </param>
            <param index="5">
              <value>
                <![CDATA[anjisit2]]>
              </value>
            </param>
            <param index="6">
              <value>
                <![CDATA[US]]>
              </value>
            </param>
            <param index="7">
              <value>
                <![CDATA[OK]]>
              </value>
            </param>
            <param index="8">
              <value>
                <![CDATA[0]]>
              </value>
            </param>
            <param index="9">
              <value>
                <![CDATA[0]]>
              </value>
            </param>
            <param index="10">
              <value>
                <![CDATA[2]]>
              </value>
            </param>
            <param index="11">
              <value>
                <![CDATA[0]]>
              </value>
            </param>
            <param index="12">
              <value>
                <![CDATA[0]]>
              </value>
            </param>
            <param index="13">
              <value>
                <![CDATA[0]]>
              </value>
            </param>
            <param index="14">
              <value>
                <![CDATA[0]]>
              </value>
            </param>
          </params>
          <exception class="java.lang.AssertionError">
            <message>
              <![CDATA[No records found expected [1000500024] but found [Player not found]]]>
            </message>
            <full-stacktrace>
              <![CDATA[java.lang.AssertionError: No records found expected [1000500024] but found [Player not found]
at org.testng.Assert.fail(Assert.java:96)
at org.testng.Assert.failNotEquals(Assert.java:776)
at org.testng.Assert.assertEqualsImpl(Assert.java:137)
at org.testng.Assert.assertEquals(Assert.java:118)
at org.testng.Assert.assertEquals(Assert.java:453)
at com.qa.control.tests.PlayersTest.searchPlayerTest(PlayersTest.java:76)
at sun.reflect.NativeMethodAccessorImpl.invoke0(Native Method)
at sun.reflect.NativeMethodAccessorImpl.invoke(Unknown Source)
at sun.reflect.DelegatingMethodAccessorImpl.invoke(Unknown Source)
at java.lang.reflect.Method.invoke(Unknown Source)
at org.testng.internal.MethodInvocationHelper.invokeMethod(MethodInvocationHelper.java:124)
at org.testng.internal.Invoker.invokeMethod(Invoker.java:583)
at org.testng.internal.Invoker.invokeTestMethod(Invoker.java:719)
at org.testng.internal.Invoker.invokeTestMethods(Invoker.java:989)
at org.testng.internal.TestMethodWorker.invokeTestMethods(TestMethodWorker.java:125)
at org.testng.internal.TestMethodWorker.run(TestMethodWorker.java:109)
at org.testng.TestRunner.privateRun(TestRunner.java:648)
at org.testng.TestRunner.run(TestRunner.java:505)
at org.testng.SuiteRunner.runTest(SuiteRunner.java:455)
at org.testng.SuiteRunner.runSequentially(SuiteRunner.java:450)
at org.testng.SuiteRunner.privateRun(SuiteRunner.java:415)
at org.testng.SuiteRunner.run(SuiteRunner.java:364)
at org.testng.SuiteRunnerWorker.runSuite(SuiteRunnerWorker.java:52)
at org.testng.SuiteRunnerWorker.run(SuiteRunnerWorker.java:84)
at org.testng.TestNG.runSuitesSequentially(TestNG.java:1208)
at org.testng.TestNG.runSuitesLocally(TestNG.java:1137)
at org.testng.TestNG.runSuites(TestNG.java:1049)
at org.testng.TestNG.run(TestNG.java:1017)
at org.testng.remote.AbstractRemoteTestNG.run(AbstractRemoteTestNG.java:115)
at org.testng.remote.RemoteTestNG.initAndRun(RemoteTestNG.java:251)
at org.testng.remote.RemoteTestNG.main(RemoteTestNG.java:77)
]]>
            </full-stacktrace>
          </exception> <!-- java.lang.AssertionError -->
          <reporter-output>
          </reporter-output>
        </test-method> <!-- searchPlayerTest -->
        <test-method status="FAIL" signature="searchPlayerTest(java.lang.String, java.lang.String, java.lang.String, java.lang.String, java.lang.String, java.lang.String, java.lang.String, java.lang.String, java.lang.String, java.lang.String, java.lang.String, java.lang.String, java.lang.String, java.lang.String, java.lang.String)[pri:0, instance:com.qa.control.tests.PlayersTest@32fdec40]" name="searchPlayerTest" duration-ms="124460" started-at="2020-05-22T06:44:16Z" data-provider="PlayersDM" finished-at="2020-05-22T06:46:21Z">
          <params>
            <param index="0">
              <value>
                <![CDATA[1000000008]]>
              </value>
            </param>
            <param index="1">
              <value>
                <![CDATA[TWO]]>
              </value>
            </param>
            <param index="2">
              <value>
                <![CDATA[SIT]]>
              </value>
            </param>
            <param index="3">
              <value>
                <![CDATA[sit2002@mailinator.com]]>
              </value>
            </param>
            <param index="4">
              <value>
                <![CDATA[M]]>
              </value>
            </param>
            <param index="5">
              <value>
                <![CDATA[sit2002]]>
              </value>
            </param>
            <param index="6">
              <value>
                <![CDATA[US]]>
              </value>
            </param>
            <param index="7">
              <value>
                <![CDATA[CA]]>
              </value>
            </param>
            <param index="8">
              <value>
                <![CDATA[0]]>
              </value>
            </param>
            <param index="9">
              <value>
                <![CDATA[0]]>
              </value>
            </param>
            <param index="10">
              <value>
                <![CDATA[2]]>
              </value>
            </param>
            <param index="11">
              <value>
                <![CDATA[0]]>
              </value>
            </param>
            <param index="12">
              <value>
                <![CDATA[0]]>
              </value>
            </param>
            <param index="13">
              <value>
                <![CDATA[0]]>
              </value>
            </param>
            <param index="14">
              <value>
                <![CDATA[0]]>
              </value>
            </param>
          </params>
          <exception class="java.lang.AssertionError">
            <message>
              <![CDATA[The following asserts failed:
State is not matched expected [CA] but found [PA]]]>
            </message>
            <full-stacktrace>
              <![CDATA[java.lang.AssertionError: The following asserts failed:
State is not matched expected [CA] but found [PA]
at org.testng.asserts.SoftAssert.assertAll(SoftAssert.java:43)
at com.qa.control.tests.PlayersTest.searchPlayerTest(PlayersTest.java:118)
at sun.reflect.NativeMethodAccessorImpl.invoke0(Native Method)
at sun.reflect.NativeMethodAccessorImpl.invoke(Unknown Source)
at sun.reflect.DelegatingMethodAccessorImpl.invoke(Unknown Source)
at java.lang.reflect.Method.invoke(Unknown Source)
at org.testng.internal.MethodInvocationHelper.invokeMethod(MethodInvocationHelper.java:124)
at org.testng.internal.Invoker.invokeMethod(Invoker.java:583)
at org.testng.internal.Invoker.invokeTestMethod(Invoker.java:719)
at org.testng.internal.Invoker.invokeTestMethods(Invoker.java:989)
at org.testng.internal.TestMethodWorker.invokeTestMethods(TestMethodWorker.java:125)
at org.testng.internal.TestMethodWorker.run(TestMethodWorker.java:109)
at org.testng.TestRunner.privateRun(TestRunner.java:648)
at org.testng.TestRunner.run(TestRunner.java:505)
at org.testng.SuiteRunner.runTest(SuiteRunner.java:455)
at org.testng.SuiteRunner.runSequentially(SuiteRunner.java:450)
at org.testng.SuiteRunner.privateRun(SuiteRunner.java:415)
at org.testng.SuiteRunner.run(SuiteRunner.java:364)
at org.testng.SuiteRunnerWorker.runSuite(SuiteRunnerWorker.java:52)
at org.testng.SuiteRunnerWorker.run(SuiteRunnerWorker.java:84)
at org.testng.TestNG.runSuitesSequentially(TestNG.java:1208)
at org.testng.TestNG.runSuitesLocally(TestNG.java:1137)
at org.testng.TestNG.runSuites(TestNG.java:1049)
at org.testng.TestNG.run(TestNG.java:1017)
at org.testng.remote.AbstractRemoteTestNG.run(AbstractRemoteTestNG.java:115)
at org.testng.remote.RemoteTestNG.initAndRun(RemoteTestNG.java:251)
at org.testng.remote.RemoteTestNG.main(RemoteTestNG.java:77)
]]>
            </full-stacktrace>
          </exception> <!-- java.lang.AssertionError -->
          <reporter-output>
          </reporter-output>
        </test-method> <!-- searchPlayerTest -->
        <test-method status="FAIL" signature="searchPlayerTest(java.lang.String, java.lang.String, java.lang.String, java.lang.String, java.lang.String, java.lang.String, java.lang.String, java.lang.String, java.lang.String, java.lang.String, java.lang.String, java.lang.String, java.lang.String, java.lang.String, java.lang.String)[pri:0, instance:com.qa.control.tests.PlayersTest@32fdec40]" name="searchPlayerTest" duration-ms="10551" started-at="2020-05-22T06:46:22Z" data-provider="PlayersDM" finished-at="2020-05-22T06:46:32Z">
          <params>
            <param index="0">
              <value>
                <![CDATA[1000600012]]>
              </value>
            </param>
            <param index="1">
              <value>
                <![CDATA[FOUREE]]>
              </value>
            </param>
            <param index="2">
              <value>
                <![CDATA[SIT]]>
              </value>
            </param>
            <param index="3">
              <value>
                <![CDATA[sit2004@mailinator.com]]>
              </value>
            </param>
            <param index="4">
              <value>
                <![CDATA[M]]>
              </value>
            </param>
            <param index="5">
              <value>
                <![CDATA[sit2004]]>
              </value>
            </param>
            <param index="6">
              <value>
                <![CDATA[US]]>
              </value>
            </param>
            <param index="7">
              <value>
                <![CDATA[OK]]>
              </value>
            </param>
            <param index="8">
              <value>
                <![CDATA[0]]>
              </value>
            </param>
            <param index="9">
              <value>
                <![CDATA[1]]>
              </value>
            </param>
            <param index="10">
              <value>
                <![CDATA[0]]>
              </value>
            </param>
            <param index="11">
              <value>
                <![CDATA[0]]>
              </value>
            </param>
            <param index="12">
              <value>
                <![CDATA[0]]>
              </value>
            </param>
            <param index="13">
              <value>
                <![CDATA[0]]>
              </value>
            </param>
            <param index="14">
              <value>
                <![CDATA[1]]>
              </value>
            </param>
          </params>
          <exception class="java.lang.AssertionError">
            <message>
              <![CDATA[No records found expected [1000600012] but found [Player not found]]]>
            </message>
            <full-stacktrace>
              <![CDATA[java.lang.AssertionError: No records found expected [1000600012] but found [Player not found]
at org.testng.Assert.fail(Assert.java:96)
at org.testng.Assert.failNotEquals(Assert.java:776)
at org.testng.Assert.assertEqualsImpl(Assert.java:137)
at org.testng.Assert.assertEquals(Assert.java:118)
at org.testng.Assert.assertEquals(Assert.java:453)
at com.qa.control.tests.PlayersTest.searchPlayerTest(PlayersTest.java:76)
at sun.reflect.NativeMethodAccessorImpl.invoke0(Native Method)
at sun.reflect.NativeMethodAccessorImpl.invoke(Unknown Source)
at sun.reflect.DelegatingMethodAccessorImpl.invoke(Unknown Source)
at java.lang.reflect.Method.invoke(Unknown Source)
at org.testng.internal.MethodInvocationHelper.invokeMethod(MethodInvocationHelper.java:124)
at org.testng.internal.Invoker.invokeMethod(Invoker.java:583)
at org.testng.internal.Invoker.invokeTestMethod(Invoker.java:719)
at org.testng.internal.Invoker.invokeTestMethods(Invoker.java:989)
at org.testng.internal.TestMethodWorker.invokeTestMethods(TestMethodWorker.java:125)
at org.testng.internal.TestMethodWorker.run(TestMethodWorker.java:109)
at org.testng.TestRunner.privateRun(TestRunner.java:648)
at org.testng.TestRunner.run(TestRunner.java:505)
at org.testng.SuiteRunner.runTest(SuiteRunner.java:455)
at org.testng.SuiteRunner.runSequentially(SuiteRunner.java:450)
at org.testng.SuiteRunner.privateRun(SuiteRunner.java:415)
at org.testng.SuiteRunner.run(SuiteRunner.java:364)
at org.testng.SuiteRunnerWorker.runSuite(SuiteRunnerWorker.java:52)
at org.testng.SuiteRunnerWorker.run(SuiteRunnerWorker.java:84)
at org.testng.TestNG.runSuitesSequentially(TestNG.java:1208)
at org.testng.TestNG.runSuitesLocally(TestNG.java:1137)
at org.testng.TestNG.runSuites(TestNG.java:1049)
at org.testng.TestNG.run(TestNG.java:1017)
at org.testng.remote.AbstractRemoteTestNG.run(AbstractRemoteTestNG.java:115)
at org.testng.remote.RemoteTestNG.initAndRun(RemoteTestNG.java:251)
at org.testng.remote.RemoteTestNG.main(RemoteTestNG.java:77)
]]>
            </full-stacktrace>
          </exception> <!-- java.lang.AssertionError -->
          <reporter-output>
          </reporter-output>
        </test-method> <!-- searchPlayerTest -->
      </class> <!-- com.qa.control.tests.PlayersTest -->
    </test> <!-- IGT Control regression Test -->
  </suite> <!-- IGT Control Test Suite -->
</testng-results>
